=== HPM Navigation Fix Log ===
Started: 2025-05-02 11:00:50

Found 25 HTML/PHP files to process.

Updated: about.html
  - Removed donate dropdown menu
  - Fixed general donate links/buttons
  - Added mobile menu dropdown fix

Updated: donate.html
  - Removed donate dropdown menu
  - Added mobile menu dropdown fix

Updated: event-details.html
  - Removed donate dropdown menu
  - Added mobile menu dropdown fix

Updated: events.html
  - Removed donate dropdown menu
  - Fixed general donate links/buttons
  - Added mobile menu dropdown fix

Updated: index.html
  - Removed donate dropdown menu
  - Fixed general donate links/buttons
  - Added mobile menu dropdown fix

Updated: ministries.html
  - Removed donate dropdown menu
  - Fixed general donate links/buttons
  - Added mobile menu dropdown fix

Updated: payment.html
  - Fixed main navigation donate link
  - Removed donate dropdown menu
  - Added mobile menu dropdown fix

Updated: resources.html
  - Removed donate dropdown menu
  - Added mobile menu dropdown fix

Updated: donate-form.php
  - Fixed main navigation donate link
  - Removed donate dropdown menu
  - Added mobile menu dropdown fix

Updated: donation-confirmation.php
  - Fixed general donate links/buttons
  - Added mobile menu dropdown fix

Updated: mobile-money-instructions.php
  - Added mobile menu dropdown fix

Updated: test-payment.php
  - Added mobile menu dropdown fix

Updated: thank-you.php
  - Added mobile menu dropdown fix

Updated: update-donation-links.php
  - Fixed general donate links/buttons

Updated: cryptstock.html
  - Fixed main navigation donate link
  - Removed donate dropdown menu
  - Added mobile menu dropdown fix

=== Summary ===
Total files processed: 25
Files updated: 15
Donation links fixed: 9
Navigation structure changes: 10
Mobile menu fixes: 14

Completed: 2025-05-02 11:00:50
