[03-May-2025 15:46:53 America/Chicago] Donation form submitted: Array
(
    [csrf_token] => 6b6528e3e623e67370f8c4a349b8c93d26b087b0c571639fd75b63977717c828
    [amount] => 500
    [custom_amount] => 
    [frequency] => monthly
    [designation] => community
    [donate_anonymously] => 1
    [firstName] => 
    [lastName] => 
    [email] => 
    [phone] => 
    [tribute_type] => memory
    [tribute_name] => 
    [notification_address] => 
    [comments] => 
    [payment_method] => mobile_money
)

[03-May-2025 15:46:53 America/Chicago] Mobile Money Payment Error: SQLSTATE[23000]: Integrity constraint violation: 19 NOT NULL constraint failed: donations.donation_type
[09-May-2025 04:06:49 America/Chicago] Donation Processing Error: Invalid donation amount. Minimum donation is $5.00
[09-May-2025 04:06:58 America/Chicago] Donation Processing Error: Invalid donation amount. Minimum donation is $5.00
[09-May-2025 04:08:38 America/Chicago] Donation Processing Error: Invalid donation amount. Minimum donation is $5.00
